<?xml version="1.0" encoding="UTF-8"?>
<!-- Generated by org.testng.reporters.JUnitXMLReporter -->
<testsuite ignored="0" hostname="DESKTOP-QPQRMEQ" failures="0" tests="4" name="Default test" time="83.914" errors="0" timestamp="2024-03-13T14:15:31 IST">
  <testcase classname="MahenderacademyPackage.tests.SubmitOrderTest" name="submitOrderTest" time="7.266"/>
  <testcase classname="MahenderacademyPackage.tests.SubmitOrderTest" name="submitOrderTest" time="7.808"/>
  <testcase classname="MahenderacademyPackage.tests.SubmitOrderTest" name="OrderHistory" time="2.976"/>
  <testcase classname="MahenderacademyPackage.tests.SubmitOrderTest" name="OrderHistory" time="3.272"/>
</testsuite> <!-- Default test -->
