<?xml version="1.0" encoding="UTF-8"?>
<!-- Generated by org.testng.reporters.JUnitXMLReporter -->
<testsuite ignored="0" hostname="DESKTOP-QPQRMEQ" failures="0" tests="4" name="Submit Order Test" time="262.704" errors="0" timestamp="2024-03-13T18:55:31 IST">
  <testcase classname="MahenderacademyPackage.tests.SubmitOrderTest" name="submitOrderTest" time="10.533"/>
  <testcase classname="MahenderacademyPackage.tests.SubmitOrderTest" name="submitOrderTest" time="5.766"/>
  <testcase classname="MahenderacademyPackage.tests.SubmitOrderTest" name="OrderHistory" time="2.256"/>
  <testcase classname="MahenderacademyPackage.tests.SubmitOrderTest" name="OrderHistory" time="2.097"/>
</testsuite> <!-- Submit Order Test -->
