<?xml version="1.0" encoding="UTF-8"?>
<!-- Generated by org.testng.reporters.JUnitXMLReporter -->
<testsuite ignored="1" hostname="DESKTOP-QPQRMEQ" failures="0" tests="1" name="Error Validations Test" time="35.466" errors="0" timestamp="2024-03-15T17:45:48 IST">
  <testcase classname="MahenderacademyPackage.tests.ErrorValidationsTest" name="LoginErrorValidation" time="0.875"/>
  <testcase classname="MahenderacademyPackage.tests.ErrorValidationsTest" name="ProductErrorValidation" time="0.0">
    <ignored/>
  </testcase> <!-- ProductErrorValidation -->
</testsuite> <!-- Error Validations Test -->
