<?xml version="1.0" encoding="UTF-8"?>
<!-- Generated by org.testng.reporters.JUnitXMLReporter -->
<testsuite ignored="2" hostname="DESKTOP-QPQRMEQ" failures="0" tests="0" time="0.008" errors="0" timestamp="2024-03-15T17:45:13 IST">
  <testcase classname="MahenderacademyPackage.tests.SubmitOrderTest" name="OrderHistory" time="0.0">
    <ignored/>
  </testcase> <!-- OrderHistory -->
  <testcase classname="MahenderacademyPackage.tests.SubmitOrderTest" name="submitOrderTest" time="0.0">
    <ignored/>
  </testcase> <!-- submitOrderTest -->
</testsuite>
