<?xml version="1.0" encoding="UTF-8"?>
<testng-results ignored="0" total="1" passed="1" failed="0" skipped="0">
  <reporter-output>
  </reporter-output>
  <suite started-at="2024-03-15T17:45:13 IST" name="Suite" finished-at="2024-03-15T17:45:48 IST" duration-ms="35466">
    <groups>
      <group name="ErrorHandling">
        <method signature="ErrorValidationsTest.LoginErrorValidation()[pri:0, instance:MahenderacademyPackage.tests.ErrorValidationsTest@38afe297]" name="LoginErrorValidation" class="MahenderacademyPackage.tests.ErrorValidationsTest"/>
      </group> <!-- ErrorHandling -->
    </groups>
    <test started-at="2024-03-15T17:45:13 IST" name="Submit Order Test" finished-at="2024-03-15T17:45:13 IST" duration-ms="8">
    </test> <!-- Submit Order Test -->
    <test started-at="2024-03-15T17:45:13 IST" name="Error Validations Test" finished-at="2024-03-15T17:45:48 IST" duration-ms="35466">
      <class name="MahenderacademyPackage.tests.ErrorValidationsTest">
        <test-method is-config="true" signature="launchApplication()[pri:0, instance:MahenderacademyPackage.tests.ErrorValidationsTest@38afe297]" started-at="2024-03-15T17:45:13 IST" name="launchApplication" finished-at="2024-03-15T17:45:47 IST" duration-ms="34400" status="PASS">
          <reporter-output>
          </reporter-output>
        </test-method> <!-- launchApplication -->
        <test-method signature="LoginErrorValidation()[pri:0, instance:MahenderacademyPackage.tests.ErrorValidationsTest@38afe297]" started-at="2024-03-15T17:45:47 IST" name="LoginErrorValidation" finished-at="2024-03-15T17:45:48 IST" duration-ms="875" status="PASS">
          <reporter-output>
          </reporter-output>
        </test-method> <!-- LoginErrorValidation -->
        <test-method is-config="true" signature="tearDown()[pri:0, instance:MahenderacademyPackage.tests.ErrorValidationsTest@38afe297]" started-at="2024-03-15T17:45:48 IST" name="tearDown" finished-at="2024-03-15T17:45:48 IST" duration-ms="138" status="PASS">
          <reporter-output>
          </reporter-output>
        </test-method> <!-- tearDown -->
      </class> <!-- MahenderacademyPackage.tests.ErrorValidationsTest -->
    </test> <!-- Error Validations Test -->
  </suite> <!-- Suite -->
</testng-results>
